<?xml version="1.0" encoding="UTF-8"?>
<!-- Generated by org.testng.reporters.JUnitReportReporter -->
<testsuite hostname="LAPTOP-HEPN219V" failures="0" tests="2" name="Runner_cs.run_test" time="44.577" errors="0" timestamp="4 Nov 2022 09:48:10 GMT">
  <testcase classname="Runner_cs.run_test" name="runScenario" time="21.827"/>
  <testcase classname="Runner_cs.run_test" name="runScenario" time="22.750"/>
</testsuite> <!-- Runner_cs.run_test -->
